{"/home/sudhej/Downloads/new react/Blinkist_Project-master/src/Atoms/ProgressBar.tsx": {"path":"/home/sudhej/Downloads/new react/Blinkist_Project-master/src/Atoms/ProgressBar.tsx","statementMap":{"0":{"start":{"line":6,"column":16},"end":{"line":26,"column":2}},"1":{"start":{"line":27,"column":49},"end":{"line":36,"column":1}},"2":{"start":{"line":29,"column":18},"end":{"line":29,"column":29}},"3":{"start":{"line":30,"column":4},"end":{"line":35,"column":6}}},"fnMap":{"0":{"name":"(anonymous_0)","decl":{"start":{"line":27,"column":49},"end":{"line":27,"column":50}},"loc":{"start":{"line":28,"column":0},"end":{"line":36,"column":1}},"line":28}},"branchMap":{},"s":{"0":1,"1":1,"2":0,"3":0},"f":{"0":0},"b":{},"_coverageSchema":"1a1c01bbd47fc00a2c39e90264f33305004495a9","hash":"742e8021722175eafed6d2aa377bedd4d68e92ab"}
,"/home/sudhej/Downloads/new react/Blinkist_Project-master/src/Atoms/Avatar/MyAvatar.tsx": {"path":"/home/sudhej/Downloads/new react/Blinkist_Project-master/src/Atoms/Avatar/MyAvatar.tsx","statementMap":{"0":{"start":{"line":5,"column":16},"end":{"line":13,"column":2}},"1":{"start":{"line":19,"column":46},"end":{"line":29,"column":1}},"2":{"start":{"line":21,"column":18},"end":{"line":21,"column":29}},"3":{"start":{"line":23,"column":4},"end":{"line":28,"column":6}}},"fnMap":{"0":{"name":"(anonymous_0)","decl":{"start":{"line":19,"column":46},"end":{"line":19,"column":47}},"loc":{"start":{"line":19,"column":55},"end":{"line":29,"column":1}},"line":19}},"branchMap":{},"s":{"0":3,"1":3,"2":15,"3":15},"f":{"0":15},"b":{},"_coverageSchema":"1a1c01bbd47fc00a2c39e90264f33305004495a9","hash":"3f510793c4555528aa8a31d93add987b5b202665"}
,"/home/sudhej/Downloads/new react/Blinkist_Project-master/src/Atoms/Blinklistlogo/Blinklistlogo.tsx": {"path":"/home/sudhej/Downloads/new react/Blinkist_Project-master/src/Atoms/Blinklistlogo/Blinklistlogo.tsx","statementMap":{"0":{"start":{"line":6,"column":16},"end":{"line":17,"column":2}},"1":{"start":{"line":23,"column":51},"end":{"line":34,"column":1}},"2":{"start":{"line":26,"column":18},"end":{"line":26,"column":29}},"3":{"start":{"line":28,"column":4},"end":{"line":33,"column":6}}},"fnMap":{"0":{"name":"(anonymous_0)","decl":{"start":{"line":23,"column":51},"end":{"line":23,"column":52}},"loc":{"start":{"line":24,"column":0},"end":{"line":34,"column":1}},"line":24}},"branchMap":{},"s":{"0":4,"1":4,"2":19,"3":19},"f":{"0":19},"b":{},"_coverageSchema":"1a1c01bbd47fc00a2c39e90264f33305004495a9","hash":"cdf51dda8e75a63119fe78515b93d117943e765f"}
,"/home/sudhej/Downloads/new react/Blinkist_Project-master/src/Atoms/DownArrow/DownArrow.tsx": {"path":"/home/sudhej/Downloads/new react/Blinkist_Project-master/src/Atoms/DownArrow/DownArrow.tsx","statementMap":{"0":{"start":{"line":6,"column":16},"end":{"line":19,"column":2}},"1":{"start":{"line":27,"column":47},"end":{"line":43,"column":1}},"2":{"start":{"line":29,"column":18},"end":{"line":29,"column":29}},"3":{"start":{"line":31,"column":4},"end":{"line":42,"column":6}}},"fnMap":{"0":{"name":"(anonymous_0)","decl":{"start":{"line":27,"column":47},"end":{"line":27,"column":48}},"loc":{"start":{"line":28,"column":0},"end":{"line":43,"column":1}},"line":28}},"branchMap":{},"s":{"0":1,"1":1,"2":2,"3":1},"f":{"0":2},"b":{},"_coverageSchema":"1a1c01bbd47fc00a2c39e90264f33305004495a9","hash":"4fdaaff5ff14ddbd40f978a05d2d9c00d37e7ff9"}
,"/home/sudhej/Downloads/new react/Blinkist_Project-master/src/Atoms/MylibraryTitle/MyLibraryTitle.tsx": {"path":"/home/sudhej/Downloads/new react/Blinkist_Project-master/src/Atoms/MylibraryTitle/MyLibraryTitle.tsx","statementMap":{"0":{"start":{"line":6,"column":16},"end":{"line":23,"column":2}},"1":{"start":{"line":25,"column":45},"end":{"line":37,"column":1}},"2":{"start":{"line":27,"column":18},"end":{"line":27,"column":29}},"3":{"start":{"line":29,"column":4},"end":{"line":36,"column":6}}},"fnMap":{"0":{"name":"(anonymous_0)","decl":{"start":{"line":25,"column":45},"end":{"line":25,"column":46}},"loc":{"start":{"line":26,"column":0},"end":{"line":37,"column":1}},"line":26}},"branchMap":{},"s":{"0":1,"1":1,"2":1,"3":1},"f":{"0":1},"b":{},"_coverageSchema":"1a1c01bbd47fc00a2c39e90264f33305004495a9","hash":"585db105eb25fcf5e1823fb836d2387dc5daa7dc"}
,"/home/sudhej/Downloads/new react/Blinkist_Project-master/src/Atoms/PlusIcon/PlusIcon.tsx": {"path":"/home/sudhej/Downloads/new react/Blinkist_Project-master/src/Atoms/PlusIcon/PlusIcon.tsx","statementMap":{"0":{"start":{"line":6,"column":18},"end":{"line":18,"column":2}},"1":{"start":{"line":25,"column":46},"end":{"line":36,"column":1}},"2":{"start":{"line":28,"column":18},"end":{"line":28,"column":29}},"3":{"start":{"line":29,"column":4},"end":{"line":35,"column":6}}},"fnMap":{"0":{"name":"(anonymous_0)","decl":{"start":{"line":25,"column":46},"end":{"line":25,"column":47}},"loc":{"start":{"line":26,"column":0},"end":{"line":36,"column":1}},"line":26}},"branchMap":{"0":{"loc":{"start":{"line":33,"column":56},"end":{"line":33,"column":90}},"type":"cond-expr","locations":[{"start":{"line":33,"column":72},"end":{"line":33,"column":87}},{"start":{"line":33,"column":88},"end":{"line":33,"column":90}}],"line":33}},"s":{"0":2,"1":2,"2":89,"3":89},"f":{"0":89},"b":{"0":[0,89]},"_coverageSchema":"1a1c01bbd47fc00a2c39e90264f33305004495a9","hash":"4c3d4a4e56581561665cb79b1ef680427134411b"}
,"/home/sudhej/Downloads/new react/Blinkist_Project-master/src/Atoms/Searchicon/MySearchicon.tsx": {"path":"/home/sudhej/Downloads/new react/Blinkist_Project-master/src/Atoms/Searchicon/MySearchicon.tsx","statementMap":{"0":{"start":{"line":7,"column":16},"end":{"line":20,"column":2}},"1":{"start":{"line":24,"column":50},"end":{"line":35,"column":1}},"2":{"start":{"line":27,"column":18},"end":{"line":27,"column":29}},"3":{"start":{"line":28,"column":4},"end":{"line":32,"column":6}}},"fnMap":{"0":{"name":"(anonymous_0)","decl":{"start":{"line":24,"column":50},"end":{"line":24,"column":51}},"loc":{"start":{"line":25,"column":0},"end":{"line":35,"column":1}},"line":25}},"branchMap":{},"s":{"0":3,"1":3,"2":14,"3":14},"f":{"0":14},"b":{},"_coverageSchema":"1a1c01bbd47fc00a2c39e90264f33305004495a9","hash":"3f4d3943a7208f81a4b8f1b372c1b8c5e43b9c5c"}
,"/home/sudhej/Downloads/new react/Blinkist_Project-master/src/Atoms/Tabs/MyTabs.tsx": {"path":"/home/sudhej/Downloads/new react/Blinkist_Project-master/src/Atoms/Tabs/MyTabs.tsx","statementMap":{"0":{"start":{"line":9,"column":14},"end":{"line":15,"column":4}},"1":{"start":{"line":18,"column":16},"end":{"line":30,"column":2}},"2":{"start":{"line":36,"column":44},"end":{"line":89,"column":1}},"3":{"start":{"line":38,"column":26},"end":{"line":38,"column":37}},"4":{"start":{"line":42,"column":22},"end":{"line":45,"column":4}},"5":{"start":{"line":44,"column":8},"end":{"line":44,"column":27}},"6":{"start":{"line":49,"column":17},"end":{"line":49,"column":28}},"7":{"start":{"line":52,"column":4},"end":{"line":88,"column":6}}},"fnMap":{"0":{"name":"(anonymous_0)","decl":{"start":{"line":36,"column":44},"end":{"line":36,"column":45}},"loc":{"start":{"line":37,"column":0},"end":{"line":89,"column":1}},"line":37},"1":{"name":"(anonymous_1)","decl":{"start":{"line":42,"column":22},"end":{"line":42,"column":23}},"loc":{"start":{"line":43,"column":3},"end":{"line":45,"column":4}},"line":43}},"branchMap":{"0":{"loc":{"start":{"line":72,"column":9},"end":{"line":72,"column":68}},"type":"binary-expr","locations":[{"start":{"line":72,"column":9},"end":{"line":72,"column":18}},{"start":{"line":72,"column":23},"end":{"line":72,"column":68}}],"line":72},"1":{"loc":{"start":{"line":74,"column":9},"end":{"line":74,"column":74}},"type":"binary-expr","locations":[{"start":{"line":74,"column":9},"end":{"line":74,"column":18}},{"start":{"line":74,"column":22},"end":{"line":74,"column":74}}],"line":74}},"s":{"0":1,"1":1,"2":1,"3":3,"4":3,"5":0,"6":3,"7":3},"f":{"0":3,"1":0},"b":{"0":[3,3],"1":[3,0]},"_coverageSchema":"1a1c01bbd47fc00a2c39e90264f33305004495a9","hash":"55834de6aacb1c73fcda560e5deaf91b8e9c7409"}
,"/home/sudhej/Downloads/new react/Blinkist_Project-master/src/Atoms/TimeIcon/TimeIcon.tsx": {"path":"/home/sudhej/Downloads/new react/Blinkist_Project-master/src/Atoms/TimeIcon/TimeIcon.tsx","statementMap":{"0":{"start":{"line":9,"column":16},"end":{"line":21,"column":2}},"1":{"start":{"line":22,"column":41},"end":{"line":35,"column":1}},"2":{"start":{"line":24,"column":18},"end":{"line":24,"column":29}},"3":{"start":{"line":27,"column":4},"end":{"line":34,"column":6}}},"fnMap":{"0":{"name":"(anonymous_0)","decl":{"start":{"line":22,"column":41},"end":{"line":22,"column":42}},"loc":{"start":{"line":23,"column":0},"end":{"line":35,"column":1}},"line":23}},"branchMap":{},"s":{"0":2,"1":2,"2":5,"3":5},"f":{"0":5},"b":{},"_coverageSchema":"1a1c01bbd47fc00a2c39e90264f33305004495a9","hash":"821d5b174fac4445cd743e60a2f30143d97d1fba"}
,"/home/sudhej/Downloads/new react/Blinkist_Project-master/src/Atoms/UserIcon/UserIcon.tsx": {"path":"/home/sudhej/Downloads/new react/Blinkist_Project-master/src/Atoms/UserIcon/UserIcon.tsx","statementMap":{"0":{"start":{"line":9,"column":48},"end":{"line":18,"column":1}},"1":{"start":{"line":11,"column":4},"end":{"line":16,"column":6}}},"fnMap":{"0":{"name":"(anonymous_0)","decl":{"start":{"line":9,"column":48},"end":{"line":9,"column":49}},"loc":{"start":{"line":10,"column":0},"end":{"line":18,"column":1}},"line":10}},"branchMap":{},"s":{"0":6,"1":155},"f":{"0":155},"b":{},"_coverageSchema":"1a1c01bbd47fc00a2c39e90264f33305004495a9","hash":"eeffd59ff2fd17c463f2f2d1a808f0785d2a9763"}
,"/home/sudhej/Downloads/new react/Blinkist_Project-master/src/Molecules/BookCard/BookCard.stories.tsx": {"path":"/home/sudhej/Downloads/new react/Blinkist_Project-master/src/Molecules/BookCard/BookCard.stories.tsx","statementMap":{"0":{"start":{"line":19,"column":20},"end":{"line":25,"column":1}},"1":{"start":{"line":21,"column":4},"end":{"line":24,"column":6}},"2":{"start":{"line":21,"column":134},"end":{"line":21,"column":146}},"3":{"start":{"line":29,"column":51},"end":{"line":53,"column":11}},"4":{"start":{"line":30,"column":0},"end":{"line":53,"column":11}},"5":{"start":{"line":55,"column":31},"end":{"line":55,"column":48}},"6":{"start":{"line":56,"column":0},"end":{"line":62,"column":2}},"7":{"start":{"line":64,"column":52},"end":{"line":67,"column":11}},"8":{"start":{"line":65,"column":0},"end":{"line":67,"column":11}},"9":{"start":{"line":69,"column":28},"end":{"line":69,"column":46}},"10":{"start":{"line":70,"column":0},"end":{"line":76,"column":2}}},"fnMap":{"0":{"name":"(anonymous_0)","decl":{"start":{"line":19,"column":20},"end":{"line":19,"column":21}},"loc":{"start":{"line":19,"column":25},"end":{"line":25,"column":1}},"line":19},"1":{"name":"(anonymous_1)","decl":{"start":{"line":21,"column":28},"end":{"line":21,"column":29}},"loc":{"start":{"line":21,"column":134},"end":{"line":21,"column":146}},"line":21},"2":{"name":"(anonymous_2)","decl":{"start":{"line":29,"column":51},"end":{"line":29,"column":52}},"loc":{"start":{"line":30,"column":0},"end":{"line":53,"column":11}},"line":30},"3":{"name":"(anonymous_3)","decl":{"start":{"line":64,"column":52},"end":{"line":64,"column":53}},"loc":{"start":{"line":65,"column":0},"end":{"line":67,"column":11}},"line":65}},"branchMap":{"0":{"loc":{"start":{"line":21,"column":4},"end":{"line":24,"column":5}},"type":"binary-expr","locations":[{"start":{"line":21,"column":4},"end":{"line":21,"column":158}},{"start":{"line":22,"column":8},"end":{"line":24,"column":5}}],"line":21}},"s":{"0":1,"1":0,"2":0,"3":1,"4":88,"5":1,"6":1,"7":1,"8":0,"9":1,"10":1},"f":{"0":0,"1":0,"2":88,"3":0},"b":{"0":[0,0]},"_coverageSchema":"1a1c01bbd47fc00a2c39e90264f33305004495a9","hash":"a17e294ee2943d6ef69a9c8d2f5b74d85af29489"}
,"/home/sudhej/Downloads/new react/Blinkist_Project-master/src/Molecules/BookCard/BookCard.tsx": {"path":"/home/sudhej/Downloads/new react/Blinkist_Project-master/src/Molecules/BookCard/BookCard.tsx","statementMap":{"0":{"start":{"line":8,"column":12},"end":{"line":17,"column":2}},"1":{"start":{"line":21,"column":16},"end":{"line":128,"column":6}},"2":{"start":{"line":140,"column":46},"end":{"line":176,"column":1}},"3":{"start":{"line":142,"column":18},"end":{"line":142,"column":29}},"4":{"start":{"line":143,"column":4},"end":{"line":175,"column":6}}},"fnMap":{"0":{"name":"(anonymous_0)","decl":{"start":{"line":140,"column":46},"end":{"line":140,"column":47}},"loc":{"start":{"line":141,"column":0},"end":{"line":176,"column":1}},"line":141}},"branchMap":{},"s":{"0":1,"1":1,"2":1,"3":88,"4":88},"f":{"0":88},"b":{},"_coverageSchema":"1a1c01bbd47fc00a2c39e90264f33305004495a9","hash":"873fb0abca404bc095062c2db90f01485209a9c8"}
,"/home/sudhej/Downloads/new react/Blinkist_Project-master/src/Molecules/BookCard/CurrentCard.tsx": {"path":"/home/sudhej/Downloads/new react/Blinkist_Project-master/src/Molecules/BookCard/CurrentCard.tsx","statementMap":{"0":{"start":{"line":11,"column":12},"end":{"line":20,"column":2}},"1":{"start":{"line":24,"column":16},"end":{"line":132,"column":6}},"2":{"start":{"line":147,"column":49},"end":{"line":230,"column":1}},"3":{"start":{"line":149,"column":18},"end":{"line":149,"column":29}},"4":{"start":{"line":150,"column":24},"end":{"line":170,"column":5}},"5":{"start":{"line":152,"column":8},"end":{"line":169,"column":9}},"6":{"start":{"line":154,"column":24},"end":{"line":154,"column":167}},"7":{"start":{"line":154,"column":154},"end":{"line":154,"column":166}},"8":{"start":{"line":155,"column":12},"end":{"line":155,"column":43}},"9":{"start":{"line":156,"column":24},"end":{"line":156,"column":89}},"10":{"start":{"line":156,"column":76},"end":{"line":156,"column":88}},"11":{"start":{"line":157,"column":12},"end":{"line":157,"column":45}},"12":{"start":{"line":158,"column":12},"end":{"line":158,"column":29}},"13":{"start":{"line":163,"column":24},"end":{"line":163,"column":91}},"14":{"start":{"line":163,"column":72},"end":{"line":163,"column":90}},"15":{"start":{"line":164,"column":12},"end":{"line":164,"column":44}},"16":{"start":{"line":165,"column":24},"end":{"line":165,"column":94}},"17":{"start":{"line":165,"column":75},"end":{"line":165,"column":93}},"18":{"start":{"line":166,"column":12},"end":{"line":166,"column":44}},"19":{"start":{"line":167,"column":12},"end":{"line":167,"column":29}},"20":{"start":{"line":171,"column":4},"end":{"line":229,"column":6}},"21":{"start":{"line":199,"column":50},"end":{"line":199,"column":77}}},"fnMap":{"0":{"name":"(anonymous_0)","decl":{"start":{"line":147,"column":49},"end":{"line":147,"column":50}},"loc":{"start":{"line":148,"column":0},"end":{"line":230,"column":1}},"line":148},"1":{"name":"(anonymous_1)","decl":{"start":{"line":150,"column":24},"end":{"line":150,"column":25}},"loc":{"start":{"line":151,"column":4},"end":{"line":170,"column":5}},"line":151},"2":{"name":"(anonymous_2)","decl":{"start":{"line":154,"column":48},"end":{"line":154,"column":49}},"loc":{"start":{"line":154,"column":154},"end":{"line":154,"column":166}},"line":154},"3":{"name":"(anonymous_3)","decl":{"start":{"line":156,"column":51},"end":{"line":156,"column":52}},"loc":{"start":{"line":156,"column":76},"end":{"line":156,"column":88}},"line":156},"4":{"name":"(anonymous_4)","decl":{"start":{"line":163,"column":47},"end":{"line":163,"column":48}},"loc":{"start":{"line":163,"column":72},"end":{"line":163,"column":90}},"line":163},"5":{"name":"(anonymous_5)","decl":{"start":{"line":165,"column":50},"end":{"line":165,"column":51}},"loc":{"start":{"line":165,"column":75},"end":{"line":165,"column":93}},"line":165},"6":{"name":"(anonymous_6)","decl":{"start":{"line":199,"column":41},"end":{"line":199,"column":42}},"loc":{"start":{"line":199,"column":50},"end":{"line":199,"column":77}},"line":199}},"branchMap":{"0":{"loc":{"start":{"line":152,"column":8},"end":{"line":169,"column":9}},"type":"if","locations":[{"start":{"line":152,"column":8},"end":{"line":169,"column":9}},{"start":{"line":162,"column":8},"end":{"line":169,"column":9}}],"line":152}},"s":{"0":4,"1":4,"2":4,"3":66,"4":66,"5":2,"6":1,"7":8,"8":1,"9":1,"10":1,"11":1,"12":1,"13":1,"14":1,"15":1,"16":1,"17":1,"18":1,"19":1,"20":66,"21":2},"f":{"0":66,"1":2,"2":8,"3":1,"4":1,"5":1,"6":2},"b":{"0":[1,1]},"_coverageSchema":"1a1c01bbd47fc00a2c39e90264f33305004495a9","hash":"bb8e840501adcfe44acfdfb5bb5e3dd6cbca71a3"}
,"/home/sudhej/Downloads/new react/Blinkist_Project-master/src/Molecules/Category/Category.tsx": {"path":"/home/sudhej/Downloads/new react/Blinkist_Project-master/src/Molecules/Category/Category.tsx","statementMap":{"0":{"start":{"line":13,"column":16},"end":{"line":36,"column":2}},"1":{"start":{"line":38,"column":47},"end":{"line":72,"column":1}},"2":{"start":{"line":41,"column":18},"end":{"line":41,"column":29}},"3":{"start":{"line":42,"column":4},"end":{"line":71,"column":6}}},"fnMap":{"0":{"name":"(anonymous_0)","decl":{"start":{"line":38,"column":47},"end":{"line":38,"column":48}},"loc":{"start":{"line":39,"column":0},"end":{"line":72,"column":1}},"line":39}},"branchMap":{},"s":{"0":3,"1":3,"2":145,"3":145},"f":{"0":145},"b":{},"_coverageSchema":"1a1c01bbd47fc00a2c39e90264f33305004495a9","hash":"bddc5fd6ff2fc93d70d37e765756ef129682dbb2"}
,"/home/sudhej/Downloads/new react/Blinkist_Project-master/src/Organisms/AppBar/MyAppBar.tsx": {"path":"/home/sudhej/Downloads/new react/Blinkist_Project-master/src/Organisms/AppBar/MyAppBar.tsx","statementMap":{"0":{"start":{"line":18,"column":16},"end":{"line":144,"column":2}},"1":{"start":{"line":154,"column":47},"end":{"line":272,"column":1}},"2":{"start":{"line":157,"column":18},"end":{"line":157,"column":29}},"3":{"start":{"line":158,"column":29},"end":{"line":158,"column":40}},"4":{"start":{"line":161,"column":24},"end":{"line":164,"column":5}},"5":{"start":{"line":163,"column":7},"end":{"line":163,"column":20}},"6":{"start":{"line":166,"column":66},"end":{"line":170,"column":5}},"7":{"start":{"line":168,"column":7},"end":{"line":168,"column":20}},"8":{"start":{"line":169,"column":7},"end":{"line":169,"column":27}},"9":{"start":{"line":177,"column":4},"end":{"line":271,"column":6}},"10":{"start":{"line":199,"column":78},"end":{"line":199,"column":126}},"11":{"start":{"line":218,"column":48},"end":{"line":218,"column":72}}},"fnMap":{"0":{"name":"(anonymous_0)","decl":{"start":{"line":154,"column":47},"end":{"line":154,"column":48}},"loc":{"start":{"line":155,"column":0},"end":{"line":272,"column":1}},"line":155},"1":{"name":"(anonymous_1)","decl":{"start":{"line":161,"column":24},"end":{"line":161,"column":25}},"loc":{"start":{"line":162,"column":4},"end":{"line":164,"column":5}},"line":162},"2":{"name":"(anonymous_2)","decl":{"start":{"line":166,"column":66},"end":{"line":166,"column":67}},"loc":{"start":{"line":167,"column":4},"end":{"line":170,"column":5}},"line":167},"3":{"name":"(anonymous_3)","decl":{"start":{"line":199,"column":69},"end":{"line":199,"column":70}},"loc":{"start":{"line":199,"column":78},"end":{"line":199,"column":126}},"line":199},"4":{"name":"(anonymous_4)","decl":{"start":{"line":218,"column":41},"end":{"line":218,"column":42}},"loc":{"start":{"line":218,"column":48},"end":{"line":218,"column":72}},"line":218}},"branchMap":{"0":{"loc":{"start":{"line":197,"column":10},"end":{"line":209,"column":12}},"type":"binary-expr","locations":[{"start":{"line":197,"column":10},"end":{"line":197,"column":20}},{"start":{"line":197,"column":24},"end":{"line":209,"column":12}}],"line":197},"1":{"loc":{"start":{"line":211,"column":11},"end":{"line":237,"column":38}},"type":"binary-expr","locations":[{"start":{"line":211,"column":11},"end":{"line":211,"column":21}},{"start":{"line":212,"column":11},"end":{"line":237,"column":38}}],"line":211}},"s":{"0":1,"1":1,"2":9,"3":8,"4":8,"5":2,"6":8,"7":0,"8":0,"9":8,"10":0,"11":0},"f":{"0":9,"1":2,"2":0,"3":0,"4":0},"b":{"0":[8,2],"1":[8,6]},"_coverageSchema":"1a1c01bbd47fc00a2c39e90264f33305004495a9","hash":"676b09217a9ef617ba50458de1dd176e6ec9eee1"}
,"/home/sudhej/Downloads/new react/Blinkist_Project-master/src/Organisms/AppBarWithCategories/AppBarWithCategories.tsx": {"path":"/home/sudhej/Downloads/new react/Blinkist_Project-master/src/Organisms/AppBarWithCategories/AppBarWithCategories.tsx","statementMap":{"0":{"start":{"line":14,"column":16},"end":{"line":124,"column":2}},"1":{"start":{"line":132,"column":58},"end":{"line":230,"column":1}},"2":{"start":{"line":135,"column":18},"end":{"line":135,"column":29}},"3":{"start":{"line":139,"column":4},"end":{"line":229,"column":6}},"4":{"start":{"line":167,"column":29},"end":{"line":167,"column":52}}},"fnMap":{"0":{"name":"(anonymous_0)","decl":{"start":{"line":132,"column":58},"end":{"line":132,"column":59}},"loc":{"start":{"line":133,"column":0},"end":{"line":230,"column":1}},"line":133},"1":{"name":"(anonymous_1)","decl":{"start":{"line":167,"column":24},"end":{"line":167,"column":25}},"loc":{"start":{"line":167,"column":29},"end":{"line":167,"column":52}},"line":167}},"branchMap":{},"s":{"0":1,"1":1,"2":6,"3":5,"4":0},"f":{"0":6,"1":0},"b":{},"_coverageSchema":"1a1c01bbd47fc00a2c39e90264f33305004495a9","hash":"7051b157e8a2bffb7628c9f7af9593bc15f05a91"}
,"/home/sudhej/Downloads/new react/Blinkist_Project-master/src/Organisms/BeyondEntrepreneurship/BeyondEntrepreneurship.tsx": {"path":"/home/sudhej/Downloads/new react/Blinkist_Project-master/src/Organisms/BeyondEntrepreneurship/BeyondEntrepreneurship.tsx","statementMap":{"0":{"start":{"line":13,"column":12},"end":{"line":24,"column":2}},"1":{"start":{"line":26,"column":17},"end":{"line":167,"column":3}},"2":{"start":{"line":170,"column":42},"end":{"line":185,"column":2}},"3":{"start":{"line":172,"column":19},"end":{"line":172,"column":30}},"4":{"start":{"line":173,"column":7},"end":{"line":184,"column":9}},"5":{"start":{"line":187,"column":38},"end":{"line":208,"column":2}},"6":{"start":{"line":190,"column":18},"end":{"line":190,"column":29}},"7":{"start":{"line":191,"column":5},"end":{"line":207,"column":7}},"8":{"start":{"line":210,"column":42},"end":{"line":239,"column":2}},"9":{"start":{"line":213,"column":27},"end":{"line":213,"column":38}},"10":{"start":{"line":215,"column":25},"end":{"line":218,"column":7}},"11":{"start":{"line":217,"column":8},"end":{"line":217,"column":27}},"12":{"start":{"line":220,"column":18},"end":{"line":220,"column":29}},"13":{"start":{"line":221,"column":5},"end":{"line":238,"column":7}},"14":{"start":{"line":240,"column":46},"end":{"line":257,"column":2}},"15":{"start":{"line":242,"column":18},"end":{"line":242,"column":29}},"16":{"start":{"line":243,"column":4},"end":{"line":256,"column":6}},"17":{"start":{"line":259,"column":41},"end":{"line":320,"column":2}},"18":{"start":{"line":261,"column":18},"end":{"line":261,"column":29}},"19":{"start":{"line":263,"column":62},"end":{"line":273,"column":5}},"20":{"start":{"line":265,"column":5},"end":{"line":267,"column":10}},"21":{"start":{"line":265,"column":53},"end":{"line":265,"column":65}},"22":{"start":{"line":269,"column":8},"end":{"line":269,"column":37}},"23":{"start":{"line":274,"column":4},"end":{"line":319,"column":6}},"24":{"start":{"line":291,"column":65},"end":{"line":291,"column":77}},"25":{"start":{"line":322,"column":57},"end":{"line":395,"column":1}},"26":{"start":{"line":324,"column":19},"end":{"line":324,"column":30}},"27":{"start":{"line":327,"column":4},"end":{"line":394,"column":6}}},"fnMap":{"0":{"name":"(anonymous_0)","decl":{"start":{"line":170,"column":42},"end":{"line":170,"column":43}},"loc":{"start":{"line":171,"column":1},"end":{"line":185,"column":2}},"line":171},"1":{"name":"(anonymous_1)","decl":{"start":{"line":187,"column":38},"end":{"line":187,"column":39}},"loc":{"start":{"line":188,"column":1},"end":{"line":208,"column":2}},"line":188},"2":{"name":"(anonymous_2)","decl":{"start":{"line":210,"column":42},"end":{"line":210,"column":43}},"loc":{"start":{"line":211,"column":1},"end":{"line":239,"column":2}},"line":211},"3":{"name":"(anonymous_3)","decl":{"start":{"line":215,"column":25},"end":{"line":215,"column":26}},"loc":{"start":{"line":216,"column":6},"end":{"line":218,"column":7}},"line":216},"4":{"name":"(anonymous_4)","decl":{"start":{"line":240,"column":46},"end":{"line":240,"column":47}},"loc":{"start":{"line":240,"column":51},"end":{"line":257,"column":2}},"line":240},"5":{"name":"(anonymous_5)","decl":{"start":{"line":259,"column":41},"end":{"line":259,"column":42}},"loc":{"start":{"line":259,"column":46},"end":{"line":320,"column":2}},"line":259},"6":{"name":"(anonymous_6)","decl":{"start":{"line":263,"column":62},"end":{"line":263,"column":63}},"loc":{"start":{"line":263,"column":84},"end":{"line":273,"column":5}},"line":263},"7":{"name":"(anonymous_7)","decl":{"start":{"line":265,"column":28},"end":{"line":265,"column":29}},"loc":{"start":{"line":265,"column":53},"end":{"line":265,"column":65}},"line":265},"8":{"name":"(anonymous_8)","decl":{"start":{"line":291,"column":40},"end":{"line":291,"column":41}},"loc":{"start":{"line":291,"column":65},"end":{"line":291,"column":77}},"line":291},"9":{"name":"(anonymous_9)","decl":{"start":{"line":322,"column":57},"end":{"line":322,"column":58}},"loc":{"start":{"line":322,"column":62},"end":{"line":395,"column":1}},"line":322}},"branchMap":{"0":{"loc":{"start":{"line":233,"column":6},"end":{"line":233,"column":27}},"type":"binary-expr","locations":[{"start":{"line":233,"column":6},"end":{"line":233,"column":15}},{"start":{"line":233,"column":19},"end":{"line":233,"column":27}}],"line":233},"1":{"loc":{"start":{"line":265,"column":5},"end":{"line":267,"column":9}},"type":"binary-expr","locations":[{"start":{"line":265,"column":5},"end":{"line":265,"column":77}},{"start":{"line":265,"column":81},"end":{"line":267,"column":9}}],"line":265},"2":{"loc":{"start":{"line":291,"column":17},"end":{"line":302,"column":23}},"type":"binary-expr","locations":[{"start":{"line":291,"column":17},"end":{"line":291,"column":89}},{"start":{"line":292,"column":16},"end":{"line":302,"column":23}}],"line":291}},"s":{"0":1,"1":1,"2":1,"3":4,"4":4,"5":1,"6":4,"7":4,"8":1,"9":4,"10":4,"11":0,"12":4,"13":4,"14":1,"15":4,"16":4,"17":1,"18":4,"19":4,"20":0,"21":0,"22":0,"23":4,"24":4,"25":1,"26":4,"27":4},"f":{"0":4,"1":4,"2":4,"3":0,"4":4,"5":4,"6":0,"7":0,"8":4,"9":4},"b":{"0":[4,4],"1":[0,0],"2":[4,4]},"_coverageSchema":"1a1c01bbd47fc00a2c39e90264f33305004495a9","hash":"29e85b4075fa4466f28375f00f689af9ab45e367"}
,"/home/sudhej/Downloads/new react/Blinkist_Project-master/src/Organisms/ExploreBooks/ExploreBooks.tsx": {"path":"/home/sudhej/Downloads/new react/Blinkist_Project-master/src/Organisms/ExploreBooks/ExploreBooks.tsx","statementMap":{"0":{"start":{"line":6,"column":16},"end":{"line":69,"column":2}},"1":{"start":{"line":70,"column":45},"end":{"line":120,"column":1}},"2":{"start":{"line":72,"column":18},"end":{"line":72,"column":29}},"3":{"start":{"line":74,"column":5},"end":{"line":119,"column":7}}},"fnMap":{"0":{"name":"(anonymous_0)","decl":{"start":{"line":70,"column":45},"end":{"line":70,"column":46}},"loc":{"start":{"line":71,"column":0},"end":{"line":120,"column":1}},"line":71}},"branchMap":{},"s":{"0":1,"1":1,"2":1,"3":1},"f":{"0":1},"b":{},"_coverageSchema":"1a1c01bbd47fc00a2c39e90264f33305004495a9","hash":"2286af84b9fad860e476319bdb4f3dfa8095969a"}
,"/home/sudhej/Downloads/new react/Blinkist_Project-master/src/Organisms/ExploreCategories/ExploreByCategory.tsx": {"path":"/home/sudhej/Downloads/new react/Blinkist_Project-master/src/Organisms/ExploreCategories/ExploreByCategory.tsx","statementMap":{"0":{"start":{"line":10,"column":50},"end":{"line":57,"column":1}},"1":{"start":{"line":12,"column":4},"end":{"line":56,"column":6}}},"fnMap":{"0":{"name":"(anonymous_0)","decl":{"start":{"line":10,"column":50},"end":{"line":10,"column":51}},"loc":{"start":{"line":11,"column":0},"end":{"line":57,"column":1}},"line":11}},"branchMap":{},"s":{"0":2,"1":8},"f":{"0":8},"b":{},"_coverageSchema":"1a1c01bbd47fc00a2c39e90264f33305004495a9","hash":"9c715314b7816d13b5522ba423b05b0a2cbbb7e6"}
,"/home/sudhej/Downloads/new react/Blinkist_Project-master/src/Organisms/ExploreCategories/ExploreCategories.tsx": {"path":"/home/sudhej/Downloads/new react/Blinkist_Project-master/src/Organisms/ExploreCategories/ExploreCategories.tsx","statementMap":{"0":{"start":{"line":9,"column":16},"end":{"line":21,"column":2}},"1":{"start":{"line":24,"column":50},"end":{"line":78,"column":1}},"2":{"start":{"line":28,"column":18},"end":{"line":28,"column":29}},"3":{"start":{"line":32,"column":4},"end":{"line":76,"column":6}}},"fnMap":{"0":{"name":"(anonymous_0)","decl":{"start":{"line":24,"column":50},"end":{"line":24,"column":51}},"loc":{"start":{"line":25,"column":0},"end":{"line":78,"column":1}},"line":25}},"branchMap":{},"s":{"0":2,"1":2,"2":8,"3":8},"f":{"0":8},"b":{},"_coverageSchema":"1a1c01bbd47fc00a2c39e90264f33305004495a9","hash":"d2df85821f549e00a87601871ada7037ca32d668"}
,"/home/sudhej/Downloads/new react/Blinkist_Project-master/src/Organisms/ExploreCategories/Headers.tsx": {"path":"/home/sudhej/Downloads/new react/Blinkist_Project-master/src/Organisms/ExploreCategories/Headers.tsx","statementMap":{"0":{"start":{"line":6,"column":16},"end":{"line":20,"column":2}},"1":{"start":{"line":22,"column":40},"end":{"line":50,"column":1}},"2":{"start":{"line":24,"column":18},"end":{"line":24,"column":29}},"3":{"start":{"line":25,"column":4},"end":{"line":49,"column":6}}},"fnMap":{"0":{"name":"(anonymous_0)","decl":{"start":{"line":22,"column":40},"end":{"line":22,"column":41}},"loc":{"start":{"line":23,"column":0},"end":{"line":50,"column":1}},"line":23}},"branchMap":{},"s":{"0":2,"1":2,"2":8,"3":8},"f":{"0":8},"b":{},"_coverageSchema":"1a1c01bbd47fc00a2c39e90264f33305004495a9","hash":"3597cad7e0f8d7f114ac163f401173e8edbe42e3"}
,"/home/sudhej/Downloads/new react/Blinkist_Project-master/src/Organisms/ExploreCategories/Populartitles.tsx": {"path":"/home/sudhej/Downloads/new react/Blinkist_Project-master/src/Organisms/ExploreCategories/Populartitles.tsx","statementMap":{"0":{"start":{"line":11,"column":46},"end":{"line":58,"column":1}},"1":{"start":{"line":13,"column":4},"end":{"line":57,"column":6}}},"fnMap":{"0":{"name":"(anonymous_0)","decl":{"start":{"line":11,"column":46},"end":{"line":11,"column":47}},"loc":{"start":{"line":12,"column":0},"end":{"line":58,"column":1}},"line":12}},"branchMap":{},"s":{"0":2,"1":8},"f":{"0":8},"b":{},"_coverageSchema":"1a1c01bbd47fc00a2c39e90264f33305004495a9","hash":"77ff232c433cb41f77581863d95600c8b72de2f1"}
,"/home/sudhej/Downloads/new react/Blinkist_Project-master/src/Organisms/ExploreCategories/RecentlyAddedTitles.tsx": {"path":"/home/sudhej/Downloads/new react/Blinkist_Project-master/src/Organisms/ExploreCategories/RecentlyAddedTitles.tsx","statementMap":{"0":{"start":{"line":11,"column":52},"end":{"line":57,"column":1}},"1":{"start":{"line":13,"column":4},"end":{"line":56,"column":6}}},"fnMap":{"0":{"name":"(anonymous_0)","decl":{"start":{"line":11,"column":52},"end":{"line":11,"column":53}},"loc":{"start":{"line":12,"column":0},"end":{"line":57,"column":1}},"line":12}},"branchMap":{},"s":{"0":2,"1":8},"f":{"0":8},"b":{},"_coverageSchema":"1a1c01bbd47fc00a2c39e90264f33305004495a9","hash":"15f3fc74b22aeb8c22038ea6296efcd25691956e"}
,"/home/sudhej/Downloads/new react/Blinkist_Project-master/src/Organisms/Footer/Footer.tsx": {"path":"/home/sudhej/Downloads/new react/Blinkist_Project-master/src/Organisms/Footer/Footer.tsx","statementMap":{"0":{"start":{"line":9,"column":16},"end":{"line":27,"column":2}},"1":{"start":{"line":32,"column":45},"end":{"line":88,"column":1}},"2":{"start":{"line":34,"column":18},"end":{"line":34,"column":29}},"3":{"start":{"line":35,"column":4},"end":{"line":87,"column":6}}},"fnMap":{"0":{"name":"(anonymous_0)","decl":{"start":{"line":32,"column":45},"end":{"line":32,"column":46}},"loc":{"start":{"line":33,"column":0},"end":{"line":88,"column":1}},"line":33}},"branchMap":{},"s":{"0":1,"1":1,"2":5,"3":5},"f":{"0":5},"b":{},"_coverageSchema":"1a1c01bbd47fc00a2c39e90264f33305004495a9","hash":"d0f3d05b2d9ca3bc7b6af209dd65d6c7b0a8cd3d"}
,"/home/sudhej/Downloads/new react/Blinkist_Project-master/src/Organisms/Footer/BlinklistAndIdeas/BlinkListAndIdeas.tsx": {"path":"/home/sudhej/Downloads/new react/Blinkist_Project-master/src/Organisms/Footer/BlinklistAndIdeas/BlinkListAndIdeas.tsx","statementMap":{"0":{"start":{"line":6,"column":16},"end":{"line":27,"column":2}},"1":{"start":{"line":30,"column":55},"end":{"line":52,"column":1}},"2":{"start":{"line":32,"column":18},"end":{"line":32,"column":29}},"3":{"start":{"line":33,"column":4},"end":{"line":51,"column":6}}},"fnMap":{"0":{"name":"(anonymous_0)","decl":{"start":{"line":30,"column":55},"end":{"line":30,"column":56}},"loc":{"start":{"line":31,"column":0},"end":{"line":52,"column":1}},"line":31}},"branchMap":{},"s":{"0":1,"1":1,"2":5,"3":5},"f":{"0":5},"b":{},"_coverageSchema":"1a1c01bbd47fc00a2c39e90264f33305004495a9","hash":"977f8a5148667ea7e07bf1b13b1393a8605c6f20"}
,"/home/sudhej/Downloads/new react/Blinkist_Project-master/src/Organisms/Footer/Company/Company.tsx": {"path":"/home/sudhej/Downloads/new react/Blinkist_Project-master/src/Organisms/Footer/Company/Company.tsx","statementMap":{"0":{"start":{"line":5,"column":16},"end":{"line":37,"column":2}},"1":{"start":{"line":38,"column":51},"end":{"line":99,"column":1}},"2":{"start":{"line":40,"column":18},"end":{"line":40,"column":29}},"3":{"start":{"line":41,"column":5},"end":{"line":98,"column":2}},"4":{"start":{"line":100,"column":47},"end":{"line":155,"column":1}},"5":{"start":{"line":102,"column":18},"end":{"line":102,"column":29}},"6":{"start":{"line":103,"column":5},"end":{"line":152,"column":7}}},"fnMap":{"0":{"name":"(anonymous_0)","decl":{"start":{"line":38,"column":51},"end":{"line":38,"column":52}},"loc":{"start":{"line":39,"column":0},"end":{"line":99,"column":1}},"line":39},"1":{"name":"(anonymous_1)","decl":{"start":{"line":100,"column":47},"end":{"line":100,"column":48}},"loc":{"start":{"line":101,"column":0},"end":{"line":155,"column":1}},"line":101}},"branchMap":{},"s":{"0":1,"1":1,"2":5,"3":5,"4":1,"5":5,"6":5},"f":{"0":5,"1":5},"b":{},"_coverageSchema":"1a1c01bbd47fc00a2c39e90264f33305004495a9","hash":"789cb007c4aef34a9de4393ef7d2e6fcefdda3c6"}
,"/home/sudhej/Downloads/new react/Blinkist_Project-master/src/Organisms/Footer/Footer_Editorial/Editorial.tsx": {"path":"/home/sudhej/Downloads/new react/Blinkist_Project-master/src/Organisms/Footer/Footer_Editorial/Editorial.tsx","statementMap":{"0":{"start":{"line":5,"column":16},"end":{"line":37,"column":2}},"1":{"start":{"line":39,"column":49},"end":{"line":94,"column":1}},"2":{"start":{"line":41,"column":18},"end":{"line":41,"column":29}},"3":{"start":{"line":42,"column":5},"end":{"line":93,"column":7}}},"fnMap":{"0":{"name":"(anonymous_0)","decl":{"start":{"line":39,"column":49},"end":{"line":39,"column":50}},"loc":{"start":{"line":40,"column":0},"end":{"line":94,"column":1}},"line":40}},"branchMap":{},"s":{"0":1,"1":1,"2":5,"3":5},"f":{"0":5},"b":{},"_coverageSchema":"1a1c01bbd47fc00a2c39e90264f33305004495a9","hash":"e1412d4cd7e21621f9d976b437150b103dd62047"}
,"/home/sudhej/Downloads/new react/Blinkist_Project-master/src/Organisms/Footer/Sitemap/Sitemap.tsx": {"path":"/home/sudhej/Downloads/new react/Blinkist_Project-master/src/Organisms/Footer/Sitemap/Sitemap.tsx","statementMap":{"0":{"start":{"line":5,"column":16},"end":{"line":23,"column":2}},"1":{"start":{"line":25,"column":47},"end":{"line":40,"column":1}},"2":{"start":{"line":27,"column":18},"end":{"line":27,"column":29}},"3":{"start":{"line":29,"column":4},"end":{"line":39,"column":6}}},"fnMap":{"0":{"name":"(anonymous_0)","decl":{"start":{"line":25,"column":47},"end":{"line":25,"column":48}},"loc":{"start":{"line":26,"column":0},"end":{"line":40,"column":1}},"line":26}},"branchMap":{},"s":{"0":1,"1":1,"2":5,"3":5},"f":{"0":5},"b":{},"_coverageSchema":"1a1c01bbd47fc00a2c39e90264f33305004495a9","hash":"032e05f73788923c70a05bc1739179962cb7f646"}
,"/home/sudhej/Downloads/new react/Blinkist_Project-master/src/Organisms/GridOfBooks/CurrentlyReading.tsx": {"path":"/home/sudhej/Downloads/new react/Blinkist_Project-master/src/Organisms/GridOfBooks/CurrentlyReading.tsx","statementMap":{"0":{"start":{"line":2,"column":9},"end":{"line":10,"column":3}},"1":{"start":{"line":12,"column":21},"end":{"line":12,"column":35}},"2":{"start":{"line":13,"column":23},"end":{"line":13,"column":54}}},"fnMap":{},"branchMap":{},"s":{"0":6,"1":6,"2":6},"f":{},"b":{},"_coverageSchema":"1a1c01bbd47fc00a2c39e90264f33305004495a9","hash":"2a67568b6b570094ebef8dc10d1d127dbf7fbbb4"}
,"/home/sudhej/Downloads/new react/Blinkist_Project-master/src/Organisms/GridOfBooks/FinishedReading.tsx": {"path":"/home/sudhej/Downloads/new react/Blinkist_Project-master/src/Organisms/GridOfBooks/FinishedReading.tsx","statementMap":{"0":{"start":{"line":1,"column":9},"end":{"line":2,"column":3}},"1":{"start":{"line":4,"column":22},"end":{"line":4,"column":36}},"2":{"start":{"line":5,"column":22},"end":{"line":5,"column":53}}},"fnMap":{},"branchMap":{},"s":{"0":5,"1":5,"2":5},"f":{},"b":{},"_coverageSchema":"1a1c01bbd47fc00a2c39e90264f33305004495a9","hash":"b49b5746979f073d858b6df91fbb0b781113fe3e"}
,"/home/sudhej/Downloads/new react/Blinkist_Project-master/src/Organisms/GridOfBooks/GridOfBooks.tsx": {"path":"/home/sudhej/Downloads/new react/Blinkist_Project-master/src/Organisms/GridOfBooks/GridOfBooks.tsx","statementMap":{"0":{"start":{"line":11,"column":16},"end":{"line":19,"column":2}},"1":{"start":{"line":26,"column":49},"end":{"line":50,"column":1}},"2":{"start":{"line":29,"column":18},"end":{"line":29,"column":29}},"3":{"start":{"line":30,"column":27},"end":{"line":30,"column":38}},"4":{"start":{"line":34,"column":4},"end":{"line":49,"column":6}},"5":{"start":{"line":39,"column":60},"end":{"line":39,"column":124}},"6":{"start":{"line":39,"column":239},"end":{"line":43,"column":15}},"7":{"start":{"line":41,"column":82},"end":{"line":41,"column":99}}},"fnMap":{"0":{"name":"(anonymous_0)","decl":{"start":{"line":26,"column":49},"end":{"line":26,"column":50}},"loc":{"start":{"line":27,"column":0},"end":{"line":50,"column":1}},"line":27},"1":{"name":"(anonymous_1)","decl":{"start":{"line":39,"column":33},"end":{"line":39,"column":34}},"loc":{"start":{"line":39,"column":60},"end":{"line":39,"column":124}},"line":39},"2":{"name":"(anonymous_2)","decl":{"start":{"line":39,"column":130},"end":{"line":39,"column":131}},"loc":{"start":{"line":39,"column":239},"end":{"line":43,"column":15}},"line":39},"3":{"name":"(anonymous_3)","decl":{"start":{"line":41,"column":78},"end":{"line":41,"column":79}},"loc":{"start":{"line":41,"column":82},"end":{"line":41,"column":99}},"line":41}},"branchMap":{},"s":{"0":2,"1":2,"2":8,"3":8,"4":8,"5":63,"6":56,"7":1},"f":{"0":8,"1":63,"2":56,"3":1},"b":{},"_coverageSchema":"1a1c01bbd47fc00a2c39e90264f33305004495a9","hash":"dc06ee14dccbfe7d37308c878a72db88bc0bc73e"}
,"/home/sudhej/Downloads/new react/Blinkist_Project-master/src/Organisms/GridOfBooks/GridOfFinishedBooks.tsx": {"path":"/home/sudhej/Downloads/new react/Blinkist_Project-master/src/Organisms/GridOfBooks/GridOfFinishedBooks.tsx","statementMap":{"0":{"start":{"line":12,"column":16},"end":{"line":20,"column":2}},"1":{"start":{"line":24,"column":57},"end":{"line":48,"column":1}},"2":{"start":{"line":27,"column":18},"end":{"line":27,"column":29}},"3":{"start":{"line":28,"column":27},"end":{"line":28,"column":38}},"4":{"start":{"line":30,"column":4},"end":{"line":47,"column":6}},"5":{"start":{"line":36,"column":59},"end":{"line":36,"column":123}},"6":{"start":{"line":36,"column":237},"end":{"line":39,"column":15}},"7":{"start":{"line":38,"column":86},"end":{"line":38,"column":103}}},"fnMap":{"0":{"name":"(anonymous_0)","decl":{"start":{"line":24,"column":57},"end":{"line":24,"column":58}},"loc":{"start":{"line":25,"column":0},"end":{"line":48,"column":1}},"line":25},"1":{"name":"(anonymous_1)","decl":{"start":{"line":36,"column":32},"end":{"line":36,"column":33}},"loc":{"start":{"line":36,"column":59},"end":{"line":36,"column":123}},"line":36},"2":{"name":"(anonymous_2)","decl":{"start":{"line":36,"column":129},"end":{"line":36,"column":130}},"loc":{"start":{"line":36,"column":237},"end":{"line":39,"column":15}},"line":36},"3":{"name":"(anonymous_3)","decl":{"start":{"line":38,"column":82},"end":{"line":38,"column":83}},"loc":{"start":{"line":38,"column":86},"end":{"line":38,"column":103}},"line":38}},"branchMap":{},"s":{"0":2,"1":2,"2":7,"3":7,"4":7,"5":6,"6":6,"7":1},"f":{"0":7,"1":6,"2":6,"3":1},"b":{},"_coverageSchema":"1a1c01bbd47fc00a2c39e90264f33305004495a9","hash":"0e57037dbb23d475fabe05593f67c5a0bf676974"}
,"/home/sudhej/Downloads/new react/Blinkist_Project-master/src/Organisms/TrendingBlinks/FeaturedAudioBlinksdata.tsx": {"path":"/home/sudhej/Downloads/new react/Blinkist_Project-master/src/Organisms/TrendingBlinks/FeaturedAudioBlinksdata.tsx","statementMap":{"0":{"start":{"line":3,"column":15},"end":{"line":6,"column":3}},"1":{"start":{"line":8,"column":21},"end":{"line":8,"column":41}},"2":{"start":{"line":9,"column":30},"end":{"line":9,"column":53}}},"fnMap":{},"branchMap":{},"s":{"0":1,"1":1,"2":1},"f":{},"b":{},"_coverageSchema":"1a1c01bbd47fc00a2c39e90264f33305004495a9","hash":"716f195b8027202653d6a9a1ed8eae56633c932b"}
,"/home/sudhej/Downloads/new react/Blinkist_Project-master/src/Organisms/TrendingBlinks/JustAddeddata.tsx": {"path":"/home/sudhej/Downloads/new react/Blinkist_Project-master/src/Organisms/TrendingBlinks/JustAddeddata.tsx","statementMap":{"0":{"start":{"line":2,"column":11},"end":{"line":7,"column":3}},"1":{"start":{"line":9,"column":16},"end":{"line":9,"column":32}},"2":{"start":{"line":10,"column":20},"end":{"line":10,"column":34}}},"fnMap":{},"branchMap":{},"s":{"0":1,"1":1,"2":1},"f":{},"b":{},"_coverageSchema":"1a1c01bbd47fc00a2c39e90264f33305004495a9","hash":"85135aa825aa6cbc4f54282d86c3dc9385a51853"}
,"/home/sudhej/Downloads/new react/Blinkist_Project-master/src/Organisms/TrendingBlinks/TrendingBlinks.tsx": {"path":"/home/sudhej/Downloads/new react/Blinkist_Project-master/src/Organisms/TrendingBlinks/TrendingBlinks.tsx","statementMap":{"0":{"start":{"line":14,"column":16},"end":{"line":39,"column":2}},"1":{"start":{"line":53,"column":45},"end":{"line":130,"column":1}},"2":{"start":{"line":56,"column":18},"end":{"line":56,"column":29}},"3":{"start":{"line":57,"column":39},"end":{"line":57,"column":51}},"4":{"start":{"line":59,"column":4},"end":{"line":129,"column":6}},"5":{"start":{"line":64,"column":76},"end":{"line":64,"column":109}},"6":{"start":{"line":83,"column":49},"end":{"line":83,"column":107}},"7":{"start":{"line":83,"column":136},"end":{"line":89,"column":15}},"8":{"start":{"line":102,"column":44},"end":{"line":102,"column":102}},"9":{"start":{"line":102,"column":130},"end":{"line":106,"column":15}},"10":{"start":{"line":118,"column":54},"end":{"line":118,"column":112}},"11":{"start":{"line":118,"column":140},"end":{"line":122,"column":15}}},"fnMap":{"0":{"name":"(anonymous_0)","decl":{"start":{"line":53,"column":45},"end":{"line":53,"column":46}},"loc":{"start":{"line":54,"column":0},"end":{"line":130,"column":1}},"line":54},"1":{"name":"(anonymous_1)","decl":{"start":{"line":64,"column":67},"end":{"line":64,"column":68}},"loc":{"start":{"line":64,"column":76},"end":{"line":64,"column":109}},"line":64},"2":{"name":"(anonymous_2)","decl":{"start":{"line":83,"column":35},"end":{"line":83,"column":36}},"loc":{"start":{"line":83,"column":49},"end":{"line":83,"column":107}},"line":83},"3":{"name":"(anonymous_3)","decl":{"start":{"line":83,"column":113},"end":{"line":83,"column":114}},"loc":{"start":{"line":83,"column":136},"end":{"line":89,"column":15}},"line":83},"4":{"name":"(anonymous_4)","decl":{"start":{"line":102,"column":30},"end":{"line":102,"column":31}},"loc":{"start":{"line":102,"column":44},"end":{"line":102,"column":102}},"line":102},"5":{"name":"(anonymous_5)","decl":{"start":{"line":102,"column":108},"end":{"line":102,"column":109}},"loc":{"start":{"line":102,"column":130},"end":{"line":106,"column":15}},"line":102},"6":{"name":"(anonymous_6)","decl":{"start":{"line":118,"column":40},"end":{"line":118,"column":41}},"loc":{"start":{"line":118,"column":54},"end":{"line":118,"column":112}},"line":118},"7":{"name":"(anonymous_7)","decl":{"start":{"line":118,"column":118},"end":{"line":118,"column":119}},"loc":{"start":{"line":118,"column":140},"end":{"line":122,"column":15}},"line":118}},"branchMap":{},"s":{"0":1,"1":1,"2":10,"3":10,"4":10,"5":3,"6":60,"7":43,"8":30,"9":23,"10":30,"11":22},"f":{"0":10,"1":3,"2":60,"3":43,"4":30,"5":23,"6":30,"7":22},"b":{},"_coverageSchema":"1a1c01bbd47fc00a2c39e90264f33305004495a9","hash":"d71494cdabde320559d84d6bebb5d8cf7141627c"}
,"/home/sudhej/Downloads/new react/Blinkist_Project-master/src/Organisms/TrendingBlinks/TrendingBlinksdata.tsx": {"path":"/home/sudhej/Downloads/new react/Blinkist_Project-master/src/Organisms/TrendingBlinks/TrendingBlinksdata.tsx","statementMap":{"0":{"start":{"line":2,"column":15},"end":{"line":8,"column":3}},"1":{"start":{"line":10,"column":21},"end":{"line":10,"column":41}},"2":{"start":{"line":11,"column":25},"end":{"line":11,"column":48}}},"fnMap":{},"branchMap":{},"s":{"0":1,"1":1,"2":1},"f":{},"b":{},"_coverageSchema":"1a1c01bbd47fc00a2c39e90264f33305004495a9","hash":"6e0da0678aff9597dfcb81f11fb32647013fc242"}
}
