TN:
SF:src/Atoms/ProgressBar.tsx
FN:27,(anonymous_0)
FNF:1
FNH:0
FNDA:0,(anonymous_0)
DA:6,1
DA:27,1
DA:29,0
DA:30,0
LF:4
LH:2
BRF:0
BRH:0
end_of_record
TN:
SF:src/Atoms/Avatar/MyAvatar.tsx
FN:19,(anonymous_0)
FNF:1
FNH:1
FNDA:15,(anonymous_0)
DA:5,3
DA:19,3
DA:21,15
DA:23,15
LF:4
LH:4
BRF:0
BRH:0
end_of_record
TN:
SF:src/Atoms/Blinklistlogo/Blinklistlogo.tsx
FN:23,(anonymous_0)
FNF:1
FNH:1
FNDA:19,(anonymous_0)
DA:6,4
DA:23,4
DA:26,19
DA:28,19
LF:4
LH:4
BRF:0
BRH:0
end_of_record
TN:
SF:src/Atoms/DownArrow/DownArrow.tsx
FN:27,(anonymous_0)
FNF:1
FNH:1
FNDA:2,(anonymous_0)
DA:6,1
DA:27,1
DA:29,2
DA:31,1
LF:4
LH:4
BRF:0
BRH:0
end_of_record
TN:
SF:src/Atoms/MylibraryTitle/MyLibraryTitle.tsx
FN:25,(anonymous_0)
FNF:1
FNH:1
FNDA:1,(anonymous_0)
DA:6,1
DA:25,1
DA:27,1
DA:29,1
LF:4
LH:4
BRF:0
BRH:0
end_of_record
TN:
SF:src/Atoms/PlusIcon/PlusIcon.tsx
FN:25,(anonymous_0)
FNF:1
FNH:1
FNDA:89,(anonymous_0)
DA:6,2
DA:25,2
DA:28,89
DA:29,89
LF:4
LH:4
BRDA:33,0,0,0
BRDA:33,0,1,89
BRF:2
BRH:1
end_of_record
TN:
SF:src/Atoms/Searchicon/MySearchicon.tsx
FN:24,(anonymous_0)
FNF:1
FNH:1
FNDA:14,(anonymous_0)
DA:7,3
DA:24,3
DA:27,14
DA:28,14
LF:4
LH:4
BRF:0
BRH:0
end_of_record
TN:
SF:src/Atoms/Tabs/MyTabs.tsx
FN:36,(anonymous_0)
FN:42,(anonymous_1)
FNF:2
FNH:1
FNDA:3,(anonymous_0)
FNDA:0,(anonymous_1)
DA:9,1
DA:18,1
DA:36,1
DA:38,3
DA:42,3
DA:44,0
DA:49,3
DA:52,3
LF:8
LH:7
BRDA:72,0,0,3
BRDA:72,0,1,3
BRDA:74,1,0,3
BRDA:74,1,1,0
BRF:4
BRH:3
end_of_record
TN:
SF:src/Atoms/TimeIcon/TimeIcon.tsx
FN:22,(anonymous_0)
FNF:1
FNH:1
FNDA:5,(anonymous_0)
DA:9,2
DA:22,2
DA:24,5
DA:27,5
LF:4
LH:4
BRF:0
BRH:0
end_of_record
TN:
SF:src/Atoms/UserIcon/UserIcon.tsx
FN:9,(anonymous_0)
FNF:1
FNH:1
FNDA:155,(anonymous_0)
DA:9,6
DA:11,155
LF:2
LH:2
BRF:0
BRH:0
end_of_record
TN:
SF:src/Molecules/BookCard/BookCard.stories.tsx
FN:19,(anonymous_0)
FN:21,(anonymous_1)
FN:29,(anonymous_2)
FN:64,(anonymous_3)
FNF:4
FNH:1
FNDA:0,(anonymous_0)
FNDA:0,(anonymous_1)
FNDA:88,(anonymous_2)
FNDA:0,(anonymous_3)
DA:19,1
DA:21,0
DA:29,1
DA:30,88
DA:55,1
DA:56,1
DA:64,1
DA:65,0
DA:69,1
DA:70,1
LF:10
LH:8
BRDA:21,0,0,0
BRDA:21,0,1,0
BRF:2
BRH:0
end_of_record
TN:
SF:src/Molecules/BookCard/BookCard.tsx
FN:140,(anonymous_0)
FNF:1
FNH:1
FNDA:88,(anonymous_0)
DA:8,1
DA:21,1
DA:140,1
DA:142,88
DA:143,88
LF:5
LH:5
BRF:0
BRH:0
end_of_record
TN:
SF:src/Molecules/BookCard/CurrentCard.tsx
FN:147,(anonymous_0)
FN:150,(anonymous_1)
FN:154,(anonymous_2)
FN:156,(anonymous_3)
FN:163,(anonymous_4)
FN:165,(anonymous_5)
FN:199,(anonymous_6)
FNF:7
FNH:7
FNDA:66,(anonymous_0)
FNDA:2,(anonymous_1)
FNDA:8,(anonymous_2)
FNDA:1,(anonymous_3)
FNDA:1,(anonymous_4)
FNDA:1,(anonymous_5)
FNDA:2,(anonymous_6)
DA:11,4
DA:24,4
DA:147,4
DA:149,66
DA:150,66
DA:152,2
DA:154,8
DA:155,1
DA:156,1
DA:157,1
DA:158,1
DA:163,1
DA:164,1
DA:165,1
DA:166,1
DA:167,1
DA:171,66
DA:199,2
LF:18
LH:18
BRDA:152,0,0,1
BRDA:152,0,1,1
BRF:2
BRH:2
end_of_record
TN:
SF:src/Molecules/Category/Category.tsx
FN:38,(anonymous_0)
FNF:1
FNH:1
FNDA:145,(anonymous_0)
DA:13,3
DA:38,3
DA:41,145
DA:42,145
LF:4
LH:4
BRF:0
BRH:0
end_of_record
TN:
SF:src/Organisms/AppBar/MyAppBar.tsx
FN:154,(anonymous_0)
FN:161,(anonymous_1)
FN:166,(anonymous_2)
FN:199,(anonymous_3)
FN:218,(anonymous_4)
FNF:5
FNH:2
FNDA:9,(anonymous_0)
FNDA:2,(anonymous_1)
FNDA:0,(anonymous_2)
FNDA:0,(anonymous_3)
FNDA:0,(anonymous_4)
DA:18,1
DA:154,1
DA:157,9
DA:158,8
DA:161,8
DA:163,2
DA:166,8
DA:168,0
DA:169,0
DA:177,8
DA:199,0
DA:218,0
LF:12
LH:8
BRDA:197,0,0,8
BRDA:197,0,1,2
BRDA:211,1,0,8
BRDA:211,1,1,6
BRF:4
BRH:4
end_of_record
TN:
SF:src/Organisms/AppBarWithCategories/AppBarWithCategories.tsx
FN:132,(anonymous_0)
FN:167,(anonymous_1)
FNF:2
FNH:1
FNDA:6,(anonymous_0)
FNDA:0,(anonymous_1)
DA:14,1
DA:132,1
DA:135,6
DA:139,5
DA:167,0
LF:5
LH:4
BRF:0
BRH:0
end_of_record
TN:
SF:src/Organisms/BeyondEntrepreneurship/BeyondEntrepreneurship.tsx
FN:170,(anonymous_0)
FN:187,(anonymous_1)
FN:210,(anonymous_2)
FN:215,(anonymous_3)
FN:240,(anonymous_4)
FN:259,(anonymous_5)
FN:263,(anonymous_6)
FN:265,(anonymous_7)
FN:291,(anonymous_8)
FN:322,(anonymous_9)
FNF:10
FNH:7
FNDA:4,(anonymous_0)
FNDA:4,(anonymous_1)
FNDA:4,(anonymous_2)
FNDA:0,(anonymous_3)
FNDA:4,(anonymous_4)
FNDA:4,(anonymous_5)
FNDA:0,(anonymous_6)
FNDA:0,(anonymous_7)
FNDA:4,(anonymous_8)
FNDA:4,(anonymous_9)
DA:13,1
DA:26,1
DA:170,1
DA:172,4
DA:173,4
DA:187,1
DA:190,4
DA:191,4
DA:210,1
DA:213,4
DA:215,4
DA:217,0
DA:220,4
DA:221,4
DA:240,1
DA:242,4
DA:243,4
DA:259,1
DA:261,4
DA:263,4
DA:265,0
DA:269,0
DA:274,4
DA:291,4
DA:322,1
DA:324,4
DA:327,4
LF:27
LH:24
BRDA:233,0,0,4
BRDA:233,0,1,4
BRDA:265,1,0,0
BRDA:265,1,1,0
BRDA:291,2,0,4
BRDA:291,2,1,4
BRF:6
BRH:4
end_of_record
TN:
SF:src/Organisms/ExploreBooks/ExploreBooks.tsx
FN:70,(anonymous_0)
FNF:1
FNH:1
FNDA:1,(anonymous_0)
DA:6,1
DA:70,1
DA:72,1
DA:74,1
LF:4
LH:4
BRF:0
BRH:0
end_of_record
TN:
SF:src/Organisms/ExploreCategories/ExploreByCategory.tsx
FN:10,(anonymous_0)
FNF:1
FNH:1
FNDA:8,(anonymous_0)
DA:10,2
DA:12,8
LF:2
LH:2
BRF:0
BRH:0
end_of_record
TN:
SF:src/Organisms/ExploreCategories/ExploreCategories.tsx
FN:24,(anonymous_0)
FNF:1
FNH:1
FNDA:8,(anonymous_0)
DA:9,2
DA:24,2
DA:28,8
DA:32,8
LF:4
LH:4
BRF:0
BRH:0
end_of_record
TN:
SF:src/Organisms/ExploreCategories/Headers.tsx
FN:22,(anonymous_0)
FNF:1
FNH:1
FNDA:8,(anonymous_0)
DA:6,2
DA:22,2
DA:24,8
DA:25,8
LF:4
LH:4
BRF:0
BRH:0
end_of_record
TN:
SF:src/Organisms/ExploreCategories/Populartitles.tsx
FN:11,(anonymous_0)
FNF:1
FNH:1
FNDA:8,(anonymous_0)
DA:11,2
DA:13,8
LF:2
LH:2
BRF:0
BRH:0
end_of_record
TN:
SF:src/Organisms/ExploreCategories/RecentlyAddedTitles.tsx
FN:11,(anonymous_0)
FNF:1
FNH:1
FNDA:8,(anonymous_0)
DA:11,2
DA:13,8
LF:2
LH:2
BRF:0
BRH:0
end_of_record
TN:
SF:src/Organisms/Footer/Footer.tsx
FN:32,(anonymous_0)
FNF:1
FNH:1
FNDA:5,(anonymous_0)
DA:9,1
DA:32,1
DA:34,5
DA:35,5
LF:4
LH:4
BRF:0
BRH:0
end_of_record
TN:
SF:src/Organisms/Footer/BlinklistAndIdeas/BlinkListAndIdeas.tsx
FN:30,(anonymous_0)
FNF:1
FNH:1
FNDA:5,(anonymous_0)
DA:6,1
DA:30,1
DA:32,5
DA:33,5
LF:4
LH:4
BRF:0
BRH:0
end_of_record
TN:
SF:src/Organisms/Footer/Company/Company.tsx
FN:38,(anonymous_0)
FN:100,(anonymous_1)
FNF:2
FNH:2
FNDA:5,(anonymous_0)
FNDA:5,(anonymous_1)
DA:5,1
DA:38,1
DA:40,5
DA:41,5
DA:100,1
DA:102,5
DA:103,5
LF:7
LH:7
BRF:0
BRH:0
end_of_record
TN:
SF:src/Organisms/Footer/Footer_Editorial/Editorial.tsx
FN:39,(anonymous_0)
FNF:1
FNH:1
FNDA:5,(anonymous_0)
DA:5,1
DA:39,1
DA:41,5
DA:42,5
LF:4
LH:4
BRF:0
BRH:0
end_of_record
TN:
SF:src/Organisms/Footer/Sitemap/Sitemap.tsx
FN:25,(anonymous_0)
FNF:1
FNH:1
FNDA:5,(anonymous_0)
DA:5,1
DA:25,1
DA:27,5
DA:29,5
LF:4
LH:4
BRF:0
BRH:0
end_of_record
TN:
SF:src/Organisms/GridOfBooks/CurrentlyReading.tsx
FNF:0
FNH:0
DA:2,6
DA:12,6
DA:13,6
LF:3
LH:3
BRF:0
BRH:0
end_of_record
TN:
SF:src/Organisms/GridOfBooks/FinishedReading.tsx
FNF:0
FNH:0
DA:1,5
DA:4,5
DA:5,5
LF:3
LH:3
BRF:0
BRH:0
end_of_record
TN:
SF:src/Organisms/GridOfBooks/GridOfBooks.tsx
FN:26,(anonymous_0)
FN:39,(anonymous_1)
FN:39,(anonymous_2)
FN:41,(anonymous_3)
FNF:4
FNH:4
FNDA:8,(anonymous_0)
FNDA:63,(anonymous_1)
FNDA:56,(anonymous_2)
FNDA:1,(anonymous_3)
DA:11,2
DA:26,2
DA:29,8
DA:30,8
DA:34,8
DA:39,63
DA:41,1
LF:7
LH:7
BRF:0
BRH:0
end_of_record
TN:
SF:src/Organisms/GridOfBooks/GridOfFinishedBooks.tsx
FN:24,(anonymous_0)
FN:36,(anonymous_1)
FN:36,(anonymous_2)
FN:38,(anonymous_3)
FNF:4
FNH:4
FNDA:7,(anonymous_0)
FNDA:6,(anonymous_1)
FNDA:6,(anonymous_2)
FNDA:1,(anonymous_3)
DA:12,2
DA:24,2
DA:27,7
DA:28,7
DA:30,7
DA:36,6
DA:38,1
LF:7
LH:7
BRF:0
BRH:0
end_of_record
TN:
SF:src/Organisms/TrendingBlinks/FeaturedAudioBlinksdata.tsx
FNF:0
FNH:0
DA:3,1
DA:8,1
DA:9,1
LF:3
LH:3
BRF:0
BRH:0
end_of_record
TN:
SF:src/Organisms/TrendingBlinks/JustAddeddata.tsx
FNF:0
FNH:0
DA:2,1
DA:9,1
DA:10,1
LF:3
LH:3
BRF:0
BRH:0
end_of_record
TN:
SF:src/Organisms/TrendingBlinks/TrendingBlinks.tsx
FN:53,(anonymous_0)
FN:64,(anonymous_1)
FN:83,(anonymous_2)
FN:83,(anonymous_3)
FN:102,(anonymous_4)
FN:102,(anonymous_5)
FN:118,(anonymous_6)
FN:118,(anonymous_7)
FNF:8
FNH:8
FNDA:10,(anonymous_0)
FNDA:3,(anonymous_1)
FNDA:60,(anonymous_2)
FNDA:43,(anonymous_3)
FNDA:30,(anonymous_4)
FNDA:23,(anonymous_5)
FNDA:30,(anonymous_6)
FNDA:22,(anonymous_7)
DA:14,1
DA:53,1
DA:56,10
DA:57,10
DA:59,10
DA:64,3
DA:83,60
DA:102,30
DA:118,30
LF:9
LH:9
BRF:0
BRH:0
end_of_record
TN:
SF:src/Organisms/TrendingBlinks/TrendingBlinksdata.tsx
FNF:0
FNH:0
DA:2,1
DA:10,1
DA:11,1
LF:3
LH:3
BRF:0
BRH:0
end_of_record
